<?xml version="1.0" encoding="UTF-8"?>
<!-- Generated by org.testng.reporters.JUnitReportReporter -->
<testsuite hostname="LAPTOP-P98PEDJC" failures="0" tests="1" name="com.adactin.Adactin" time="23.750" errors="0" timestamp="2024-05-27T15:50:01 IST" skipped="0">
  <testcase classname="com.adactin.Adactin" name="searchAndBookHotel" time="23.750"/>
  <system-out/>
</testsuite> <!-- com.adactin.Adactin -->
